c:\users\user81\source\repos\megarekrut65\algorithms-labs\2-sem\lab6\lab6\debug\vc142.pdb
c:\users\user81\source\repos\megarekrut65\algorithms-labs\2-sem\lab6\lab6\debug\vc142.idb
c:\users\user81\source\repos\megarekrut65\algorithms-labs\2-sem\lab6\lab6\debug\world_map.obj
c:\users\user81\source\repos\megarekrut65\algorithms-labs\2-sem\lab6\lab6\debug\lab6.obj
c:\users\user81\source\repos\megarekrut65\algorithms-labs\2-sem\lab6\debug\lab6.exe
c:\users\user81\source\repos\megarekrut65\algorithms-labs\2-sem\lab6\debug\lab6.ilk
c:\users\user81\source\repos\megarekrut65\algorithms-labs\2-sem\lab6\debug\lab6.pdb
c:\users\38097\desktop\labs\2-sem\2-sem\lab6\lab6\debug\lab6.obj
c:\users\38097\desktop\labs\2-sem\2-sem\lab6\lab6\debug\world_map.obj
c:\users\38097\desktop\labs\2-sem\2-sem\lab6\lab6\debug\vc142.idb
c:\users\38097\desktop\labs\2-sem\2-sem\lab6\lab6\debug\vc142.pdb
c:\users\38097\desktop\labs\2-sem\2-sem\lab6\debug\lab6.pdb
c:\users\38097\desktop\labs\2-sem\2-sem\lab6\debug\lab6.exe
c:\users\38097\desktop\labs\2-sem\2-sem\lab6\debug\lab6.ilk
c:\users\38097\desktop\labs\2-sem\2-sem\lab6\lab6\debug\lab6.tlog\cl.command.1.tlog
c:\users\38097\desktop\labs\2-sem\2-sem\lab6\lab6\debug\lab6.tlog\cl.read.1.tlog
c:\users\38097\desktop\labs\2-sem\2-sem\lab6\lab6\debug\lab6.tlog\cl.write.1.tlog
c:\users\38097\desktop\labs\2-sem\2-sem\lab6\lab6\debug\lab6.tlog\link.command.1.tlog
c:\users\38097\desktop\labs\2-sem\2-sem\lab6\lab6\debug\lab6.tlog\link.read.1.tlog
c:\users\38097\desktop\labs\2-sem\2-sem\lab6\lab6\debug\lab6.tlog\link.write.1.tlog
